#! c:/iverilog-x64/bin/vvp
:ivl_version "10.1 (stable)" "(v10_1_1)";
:ivl_delay_selection "TYPICAL";
:vpi_time_precision + 0;
:vpi_module "system";
:vpi_module "vhdl_sys";
:vpi_module "v2005_math";
:vpi_module "va_math";
S_00000000031c77e0 .scope module, "TESTBENCH" "TESTBENCH" 2 17;
 .timescale 0 0;
v00000000028ba820_0 .net "out", 0 0, v0000000002868a80_0;  1 drivers
v00000000028ba8c0_0 .var "r", 0 0;
v00000000028ba960_0 .var "t", 0 0;
S_00000000031c7960 .scope module, "u1" "RTFF" 2 21, 2 1 0, S_00000000031c77e0;
 .timescale 0 0;
    .port_info 0 /INPUT 1 "r"
    .port_info 1 /INPUT 1 "t"
    .port_info 2 /OUTPUT 1 "q"
v0000000002868a80_0 .var "q", 0 0;
v00000000031c7ae0_0 .net "r", 0 0, v00000000028ba8c0_0;  1 drivers
v0000000002868e00_0 .net "t", 0 0, v00000000028ba960_0;  1 drivers
E_00000000031ce620 .event posedge, v0000000002868e00_0, v00000000031c7ae0_0;
    .scope S_00000000031c7960;
T_0 ;
    %wait E_00000000031ce620;
    %load/vec4 v00000000031c7ae0_0;
    %flag_set/vec4 8;
    %jmp/0 T_0.0, 8;
    %pushi/vec4 0, 0, 1;
    %jmp/1 T_0.1, 8;
T_0.0 ; End of true expr.
    %load/vec4 v0000000002868a80_0;
    %inv;
    %jmp/0 T_0.1, 8;
 ; End of false expr.
    %blend;
T_0.1;
    %assign/vec4 v0000000002868a80_0, 0;
    %jmp T_0;
    .thread T_0;
    .scope S_00000000031c77e0;
T_1 ;
    %vpi_call 2 24 "$dumpfile", "out.vcd" {0 0 0};
    %vpi_call 2 25 "$dumpvars", 32'sb00000000000000000000000000000000, S_00000000031c7960 {0 0 0};
    %pushi/vec4 0, 0, 1;
    %store/vec4 v00000000028ba8c0_0, 0, 1;
    %pushi/vec4 0, 0, 1;
    %store/vec4 v00000000028ba960_0, 0, 1;
    %delay 100, 0;
    %pushi/vec4 1, 0, 1;
    %store/vec4 v00000000028ba8c0_0, 0, 1;
    %pushi/vec4 0, 0, 1;
    %store/vec4 v00000000028ba960_0, 0, 1;
    %delay 100, 0;
    %pushi/vec4 0, 0, 1;
    %store/vec4 v00000000028ba8c0_0, 0, 1;
    %pushi/vec4 1, 0, 1;
    %store/vec4 v00000000028ba960_0, 0, 1;
    %delay 100, 0;
    %pushi/vec4 1, 0, 1;
    %store/vec4 v00000000028ba8c0_0, 0, 1;
    %pushi/vec4 0, 0, 1;
    %store/vec4 v00000000028ba960_0, 0, 1;
    %delay 100, 0;
    %pushi/vec4 1, 0, 1;
    %store/vec4 v00000000028ba8c0_0, 0, 1;
    %pushi/vec4 1, 0, 1;
    %store/vec4 v00000000028ba960_0, 0, 1;
    %delay 100, 0;
    %pushi/vec4 0, 0, 1;
    %store/vec4 v00000000028ba8c0_0, 0, 1;
    %pushi/vec4 0, 0, 1;
    %store/vec4 v00000000028ba960_0, 0, 1;
    %delay 100, 0;
    %pushi/vec4 0, 0, 1;
    %store/vec4 v00000000028ba8c0_0, 0, 1;
    %pushi/vec4 1, 0, 1;
    %store/vec4 v00000000028ba960_0, 0, 1;
    %delay 100, 0;
    %vpi_call 2 55 "$finish" {0 0 0};
    %end;
    .thread T_1;
# The file index is used to find the file name in the following table.
:file_names 3;
    "N/A";
    "<interactive>";
    "main.v";
