#! c:/iverilog-x64/bin/vvp
:ivl_version "10.1 (stable)" "(v10_1_1)";
:ivl_delay_selection "TYPICAL";
:vpi_time_precision + 0;
:vpi_module "system";
:vpi_module "vhdl_sys";
:vpi_module "v2005_math";
:vpi_module "va_math";
S_0000000002f87840 .scope module, "TESTBENCH" "TESTBENCH" 2 14;
 .timescale 0 0;
v00000000047d20c0_0 .var "clk", 0 0;
v00000000047d2160_0 .var/i "i", 31 0;
v00000000047d2200_0 .var "in", 1 0;
v00000000047d22a0_0 .net "out", 0 0, v00000000047d1f80_0;  1 drivers
L_00000000047d2340 .part v00000000047d2200_0, 0, 1;
L_00000000047d23e0 .part v00000000047d2200_0, 1, 1;
S_0000000002f879c0 .scope module, "u1" "DFF" 2 20, 2 1 0, S_0000000002f87840;
 .timescale 0 0;
    .port_info 0 /INPUT 1 "in"
    .port_info 1 /INPUT 1 "r"
    .port_info 2 /INPUT 1 "clk"
    .port_info 3 /OUTPUT 1 "q"
v0000000002f87b40_0 .net "clk", 0 0, v00000000047d20c0_0;  1 drivers
v0000000004777750_0 .net "in", 0 0, L_00000000047d2340;  1 drivers
v00000000047d1f80_0 .var "q", 0 0;
v00000000047d2020_0 .net "r", 0 0, L_00000000047d23e0;  1 drivers
E_0000000002f8ed70 .event posedge, v0000000002f87b40_0, v00000000047d2020_0;
    .scope S_0000000002f879c0;
T_0 ;
    %wait E_0000000002f8ed70;
    %load/vec4 v00000000047d2020_0;
    %flag_set/vec4 8;
    %jmp/0 T_0.0, 8;
    %pushi/vec4 0, 0, 1;
    %jmp/1 T_0.1, 8;
T_0.0 ; End of true expr.
    %load/vec4 v0000000004777750_0;
    %jmp/0 T_0.1, 8;
 ; End of false expr.
    %blend;
T_0.1;
    %store/vec4 v00000000047d1f80_0, 0, 1;
    %jmp T_0;
    .thread T_0;
    .scope S_0000000002f87840;
T_1 ;
    %delay 50, 0;
    %load/vec4 v00000000047d20c0_0;
    %inv;
    %store/vec4 v00000000047d20c0_0, 0, 1;
    %jmp T_1;
    .thread T_1;
    .scope S_0000000002f87840;
T_2 ;
    %vpi_call 2 26 "$dumpfile", "out.vcd" {0 0 0};
    %vpi_call 2 27 "$dumpvars", 32'sb00000000000000000000000000000000, S_0000000002f879c0 {0 0 0};
    %pushi/vec4 0, 0, 1;
    %store/vec4 v00000000047d20c0_0, 0, 1;
    %pushi/vec4 0, 0, 2;
    %store/vec4 v00000000047d2200_0, 0, 2;
    %pushi/vec4 0, 0, 32;
    %store/vec4 v00000000047d2160_0, 0, 32;
T_2.0 ;
    %load/vec4 v00000000047d2160_0;
    %cmpi/s 8, 0, 32;
    %jmp/0xz T_2.1, 5;
    %delay 100, 0;
    %load/vec4 v00000000047d2200_0;
    %addi 1, 0, 2;
    %store/vec4 v00000000047d2200_0, 0, 2;
    %load/vec4 v00000000047d2160_0;
    %addi 1, 0, 32;
    %store/vec4 v00000000047d2160_0, 0, 32;
    %jmp T_2.0;
T_2.1 ;
    %vpi_call 2 36 "$finish" {0 0 0};
    %end;
    .thread T_2;
# The file index is used to find the file name in the following table.
:file_names 3;
    "N/A";
    "<interactive>";
    "main.v";
