#! c:/iverilog-x64/bin/vvp
:ivl_version "10.1 (stable)" "(v10_1_1)";
:ivl_delay_selection "TYPICAL";
:vpi_time_precision + 0;
:vpi_module "system";
:vpi_module "vhdl_sys";
:vpi_module "v2005_math";
:vpi_module "va_math";
S_0000000002869470 .scope module, "TESTBENCH" "TESTBENCH" 2 14;
 .timescale 0 0;
v00000000001dced0_0 .var "clk", 0 0;
v00000000001dcf70_0 .var "d", 3 0;
v00000000001dd010_0 .net "out", 0 0, L_00000000028bb040;  1 drivers
v00000000028bafa0_0 .var "r", 0 0;
L_00000000028bb040 .part v0000000002869040_0, 0, 1;
S_00000000001dccb0 .scope module, "u1" "REG4" 2 21, 2 1 0, S_0000000002869470;
 .timescale 0 0;
    .port_info 0 /INPUT 4 "in"
    .port_info 1 /INPUT 1 "r"
    .port_info 2 /INPUT 1 "clk"
    .port_info 3 /OUTPUT 4 "q"
v00000000028695f0_0 .net "clk", 0 0, v00000000001dced0_0;  1 drivers
v0000000002869200_0 .net "in", 3 0, v00000000001dcf70_0;  1 drivers
v0000000002869040_0 .var "q", 3 0;
v00000000001dce30_0 .net "r", 0 0, v00000000028bafa0_0;  1 drivers
E_00000000001de800 .event posedge, v00000000028695f0_0, v00000000001dce30_0;
    .scope S_00000000001dccb0;
T_0 ;
    %wait E_00000000001de800;
    %load/vec4 v00000000001dce30_0;
    %flag_set/vec4 8;
    %jmp/0 T_0.0, 8;
    %pushi/vec4 0, 0, 4;
    %jmp/1 T_0.1, 8;
T_0.0 ; End of true expr.
    %load/vec4 v0000000002869200_0;
    %jmp/0 T_0.1, 8;
 ; End of false expr.
    %blend;
T_0.1;
    %store/vec4 v0000000002869040_0, 0, 4;
    %jmp T_0;
    .thread T_0;
    .scope S_0000000002869470;
T_1 ;
    %delay 50, 0;
    %load/vec4 v00000000001dced0_0;
    %inv;
    %store/vec4 v00000000001dced0_0, 0, 1;
    %jmp T_1;
    .thread T_1;
    .scope S_0000000002869470;
T_2 ;
    %vpi_call 2 27 "$dumpfile", "out.vcd" {0 0 0};
    %vpi_call 2 28 "$dumpvars", 32'sb00000000000000000000000000000000, S_00000000001dccb0 {0 0 0};
    %pushi/vec4 0, 0, 1;
    %store/vec4 v00000000001dced0_0, 0, 1;
    %pushi/vec4 5, 0, 4;
    %store/vec4 v00000000001dcf70_0, 0, 4;
    %pushi/vec4 0, 0, 1;
    %store/vec4 v00000000028bafa0_0, 0, 1;
    %delay 100, 0;
    %pushi/vec4 1, 0, 1;
    %store/vec4 v00000000028bafa0_0, 0, 1;
    %delay 100, 0;
    %pushi/vec4 0, 0, 1;
    %store/vec4 v00000000028bafa0_0, 0, 1;
    %delay 100, 0;
    %pushi/vec4 0, 0, 1;
    %store/vec4 v00000000028bafa0_0, 0, 1;
    %delay 100, 0;
    %vpi_call 2 45 "$finish" {0 0 0};
    %end;
    .thread T_2;
# The file index is used to find the file name in the following table.
:file_names 3;
    "N/A";
    "<interactive>";
    "main.v";
