#! c:/iverilog-x64/bin/vvp
:ivl_version "10.1 (stable)" "(v10_1_1)";
:ivl_delay_selection "TYPICAL";
:vpi_time_precision + 0;
:vpi_module "system";
:vpi_module "vhdl_sys";
:vpi_module "v2005_math";
:vpi_module "va_math";
S_0000000002f35d10 .scope module, "TESTBENCH" "TESTBENCH" 2 27;
 .timescale 0 0;
v0000000002f95670_0 .net "err", 0 0, L_0000000002f958f0;  1 drivers
v0000000002f95710_0 .var/i "i", 31 0;
v0000000002f957b0_0 .var "in", 3 0;
v0000000002f95850_0 .net "out", 9 0, L_0000000002f95da0;  1 drivers
S_0000000002f35e90 .scope module, "unit1" "DEC" 2 33, 2 1 0, S_0000000002f35d10;
 .timescale 0 0;
    .port_info 0 /INPUT 4 "in"
    .port_info 1 /OUTPUT 10 "out"
    .port_info 2 /OUTPUT 1 "err"
v0000000002f02f40_0 .net *"_s4", 10 0, L_0000000002f95e40;  1 drivers
v0000000002f02fe0_0 .net "err", 0 0, L_0000000002f958f0;  alias, 1 drivers
v0000000002f03080_0 .net "in", 3 0, v0000000002f957b0_0;  1 drivers
v0000000002f955d0_0 .net "out", 9 0, L_0000000002f95da0;  alias, 1 drivers
L_0000000002f958f0 .part L_0000000002f95e40, 10, 1;
L_0000000002f95da0 .part L_0000000002f95e40, 0, 10;
L_0000000002f95e40 .ufunc TD_TESTBENCH.unit1.FUNC_DEC, 11, v0000000002f957b0_0 (v0000000002f02ea0_0) v0000000002f36010_0 S_0000000002f02d20;
S_0000000002f02d20 .scope function, "FUNC_DEC" "FUNC_DEC" 2 8, 2 8 0, S_0000000002f35e90;
 .timescale 0 0;
v0000000002f36010_0 .var "FUNC_DEC", 10 0;
v0000000002f02ea0_0 .var "in", 3 0;
TD_TESTBENCH.unit1.FUNC_DEC ;
    %load/vec4 v0000000002f02ea0_0;
    %dup/vec4;
    %pushi/vec4 0, 0, 4;
    %cmp/u;
    %jmp/1 T_0.0, 6;
    %dup/vec4;
    %pushi/vec4 1, 0, 4;
    %cmp/u;
    %jmp/1 T_0.1, 6;
    %dup/vec4;
    %pushi/vec4 2, 0, 4;
    %cmp/u;
    %jmp/1 T_0.2, 6;
    %dup/vec4;
    %pushi/vec4 3, 0, 4;
    %cmp/u;
    %jmp/1 T_0.3, 6;
    %dup/vec4;
    %pushi/vec4 4, 0, 4;
    %cmp/u;
    %jmp/1 T_0.4, 6;
    %dup/vec4;
    %pushi/vec4 5, 0, 4;
    %cmp/u;
    %jmp/1 T_0.5, 6;
    %dup/vec4;
    %pushi/vec4 6, 0, 4;
    %cmp/u;
    %jmp/1 T_0.6, 6;
    %dup/vec4;
    %pushi/vec4 7, 0, 4;
    %cmp/u;
    %jmp/1 T_0.7, 6;
    %dup/vec4;
    %pushi/vec4 8, 0, 4;
    %cmp/u;
    %jmp/1 T_0.8, 6;
    %dup/vec4;
    %pushi/vec4 9, 0, 4;
    %cmp/u;
    %jmp/1 T_0.9, 6;
    %pushi/vec4 1024, 0, 11;
    %store/vec4 v0000000002f36010_0, 0, 11;
    %jmp T_0.11;
T_0.0 ;
    %pushi/vec4 1, 0, 11;
    %store/vec4 v0000000002f36010_0, 0, 11;
    %jmp T_0.11;
T_0.1 ;
    %pushi/vec4 2, 0, 11;
    %store/vec4 v0000000002f36010_0, 0, 11;
    %jmp T_0.11;
T_0.2 ;
    %pushi/vec4 4, 0, 11;
    %store/vec4 v0000000002f36010_0, 0, 11;
    %jmp T_0.11;
T_0.3 ;
    %pushi/vec4 8, 0, 11;
    %store/vec4 v0000000002f36010_0, 0, 11;
    %jmp T_0.11;
T_0.4 ;
    %pushi/vec4 16, 0, 11;
    %store/vec4 v0000000002f36010_0, 0, 11;
    %jmp T_0.11;
T_0.5 ;
    %pushi/vec4 32, 0, 11;
    %store/vec4 v0000000002f36010_0, 0, 11;
    %jmp T_0.11;
T_0.6 ;
    %pushi/vec4 64, 0, 11;
    %store/vec4 v0000000002f36010_0, 0, 11;
    %jmp T_0.11;
T_0.7 ;
    %pushi/vec4 128, 0, 11;
    %store/vec4 v0000000002f36010_0, 0, 11;
    %jmp T_0.11;
T_0.8 ;
    %pushi/vec4 256, 0, 11;
    %store/vec4 v0000000002f36010_0, 0, 11;
    %jmp T_0.11;
T_0.9 ;
    %pushi/vec4 512, 0, 11;
    %store/vec4 v0000000002f36010_0, 0, 11;
    %jmp T_0.11;
T_0.11 ;
    %pop/vec4 1;
    %end;
    .scope S_0000000002f35d10;
T_1 ;
    %vpi_call 2 36 "$dumpfile", "out.vcd" {0 0 0};
    %vpi_call 2 37 "$dumpvars", 32'sb00000000000000000000000000000000, S_0000000002f35e90 {0 0 0};
    %pushi/vec4 0, 0, 4;
    %store/vec4 v0000000002f957b0_0, 0, 4;
    %pushi/vec4 0, 0, 32;
    %store/vec4 v0000000002f95710_0, 0, 32;
T_1.0 ;
    %load/vec4 v0000000002f95710_0;
    %cmpi/s 16, 0, 32;
    %jmp/0xz T_1.1, 5;
    %delay 100, 0;
    %load/vec4 v0000000002f957b0_0;
    %pushi/vec4 1, 0, 4;
    %add;
    %store/vec4 v0000000002f957b0_0, 0, 4;
    %load/vec4 v0000000002f95710_0;
    %pushi/vec4 1, 0, 32;
    %add;
    %store/vec4 v0000000002f95710_0, 0, 32;
    %jmp T_1.0;
T_1.1 ;
    %vpi_call 2 45 "$finish" {0 0 0};
    %end;
    .thread T_1;
# The file index is used to find the file name in the following table.
:file_names 3;
    "N/A";
    "<interactive>";
    "main.v";
