#! c:/iverilog-x64/bin/vvp
:ivl_version "10.1 (stable)" "(v10_1_1)";
:ivl_delay_selection "TYPICAL";
:vpi_time_precision + 0;
:vpi_module "system";
:vpi_module "vhdl_sys";
:vpi_module "v2005_math";
:vpi_module "va_math";
S_000000000286be20 .scope module, "TESTBENCH" "TESTBENCH" 2 20;
 .timescale 0 0;
v0000000002832f00_0 .var "clk", 0 0;
v0000000002832fa0_0 .net "out1", 0 0, v0000000002869570_0;  1 drivers
v0000000002833040_0 .net "out2", 0 0, L_00000000001dcdf0;  1 drivers
v00000000001dccb0_0 .var "r", 0 0;
v00000000001dcd50_0 .var "t", 0 0;
S_00000000028697e0 .scope module, "u1" "TFF" 2 24, 2 1 0, S_000000000286be20;
 .timescale 0 0;
    .port_info 0 /INPUT 1 "r"
    .port_info 1 /INPUT 1 "t"
    .port_info 2 /INPUT 1 "clk"
    .port_info 3 /OUTPUT 1 "q"
    .port_info 4 /OUTPUT 1 "q_b"
L_00000000001dcdf0 .functor NOT 1, v0000000002869570_0, C4<0>, C4<0>, C4<0>;
v0000000002869960_0 .net "clk", 0 0, v0000000002832f00_0;  1 drivers
v0000000002869570_0 .var "q", 0 0;
v0000000002832d20_0 .net "q_b", 0 0, L_00000000001dcdf0;  alias, 1 drivers
v0000000002832dc0_0 .net "r", 0 0, v00000000001dccb0_0;  1 drivers
v0000000002832e60_0 .net "t", 0 0, v00000000001dcd50_0;  1 drivers
E_00000000001d72e0 .event posedge, v0000000002832dc0_0, v0000000002869960_0;
    .scope S_00000000028697e0;
T_0 ;
    %wait E_00000000001d72e0;
    %load/vec4 v0000000002832dc0_0;
    %flag_set/vec4 8;
    %jmp/0xz  T_0.0, 8;
    %pushi/vec4 0, 0, 1;
    %assign/vec4 v0000000002869570_0, 0;
    %jmp T_0.1;
T_0.0 ;
    %load/vec4 v0000000002832e60_0;
    %flag_set/vec4 8;
    %jmp/0xz  T_0.2, 8;
    %load/vec4 v0000000002869570_0;
    %inv;
    %assign/vec4 v0000000002869570_0, 0;
T_0.2 ;
T_0.1 ;
    %jmp T_0;
    .thread T_0;
    .scope S_000000000286be20;
T_1 ;
    %delay 50, 0;
    %load/vec4 v0000000002832f00_0;
    %inv;
    %store/vec4 v0000000002832f00_0, 0, 1;
    %jmp T_1;
    .thread T_1;
    .scope S_000000000286be20;
T_2 ;
    %vpi_call 2 31 "$dumpfile", "out.vcd" {0 0 0};
    %vpi_call 2 32 "$dumpvars", 32'sb00000000000000000000000000000000, S_00000000028697e0 {0 0 0};
    %pushi/vec4 0, 0, 1;
    %store/vec4 v0000000002832f00_0, 0, 1;
    %pushi/vec4 0, 0, 1;
    %store/vec4 v00000000001dccb0_0, 0, 1;
    %pushi/vec4 0, 0, 1;
    %store/vec4 v00000000001dcd50_0, 0, 1;
    %delay 100, 0;
    %pushi/vec4 0, 0, 1;
    %store/vec4 v00000000001dccb0_0, 0, 1;
    %pushi/vec4 1, 0, 1;
    %store/vec4 v00000000001dcd50_0, 0, 1;
    %delay 100, 0;
    %pushi/vec4 1, 0, 1;
    %store/vec4 v00000000001dccb0_0, 0, 1;
    %pushi/vec4 0, 0, 1;
    %store/vec4 v00000000001dcd50_0, 0, 1;
    %delay 100, 0;
    %pushi/vec4 1, 0, 1;
    %store/vec4 v00000000001dccb0_0, 0, 1;
    %pushi/vec4 1, 0, 1;
    %store/vec4 v00000000001dcd50_0, 0, 1;
    %delay 100, 0;
    %pushi/vec4 0, 0, 1;
    %store/vec4 v00000000001dccb0_0, 0, 1;
    %pushi/vec4 0, 0, 1;
    %store/vec4 v00000000001dcd50_0, 0, 1;
    %delay 100, 0;
    %vpi_call 2 51 "$finish" {0 0 0};
    %end;
    .thread T_2;
# The file index is used to find the file name in the following table.
:file_names 3;
    "N/A";
    "<interactive>";
    "main.v";
