#! c:/iverilog-x64/bin/vvp
:ivl_version "10.1 (stable)" "(v10_1_1)";
:ivl_delay_selection "TYPICAL";
:vpi_time_precision + 0;
:vpi_module "system";
:vpi_module "vhdl_sys";
:vpi_module "v2005_math";
:vpi_module "va_math";
S_00000000028683c0 .scope module, "EXOR_TEST" "EXOR_TEST" 2 20;
 .timescale 0 0;
v00000000028ba930_0 .var/i "i", 31 0;
v00000000028ba9d0_0 .var "in", 1 0;
v00000000028baa70_0 .net "out", 0 0, L_00000000028bab10;  1 drivers
L_00000000028babb0 .part v00000000028ba9d0_0, 0, 1;
L_00000000028bac50 .part v00000000028ba9d0_0, 1, 1;
S_000000000323cda0 .scope module, "myunit" "EXOR" 2 25, 2 2 0, S_00000000028683c0;
 .timescale 0 0;
    .port_info 0 /INPUT 1 "in1"
    .port_info 1 /INPUT 1 "in2"
    .port_info 2 /OUTPUT 1 "out"
v00000000028ba750_0 .net "in1", 0 0, L_00000000028babb0;  1 drivers
v00000000028ba7f0_0 .net "in2", 0 0, L_00000000028bac50;  1 drivers
v00000000028ba890_0 .net "out", 0 0, L_00000000028bab10;  alias, 1 drivers
L_00000000028bab10 .ufunc TD_EXOR_TEST.myunit.FUNC, 1, L_00000000028babb0, L_00000000028bac50 (v00000000028686a0_0, v00000000028ba6b0_0) v000000000323d0a0_0 S_000000000323cf20;
S_000000000323cf20 .scope function, "FUNC" "FUNC" 2 9, 2 9 0, S_000000000323cda0;
 .timescale 0 0;
v000000000323d0a0_0 .var "FUNC", 0 0;
v00000000028686a0_0 .var "a", 0 0;
v00000000028ba6b0_0 .var "b", 0 0;
TD_EXOR_TEST.myunit.FUNC ;
    %load/vec4 v00000000028686a0_0;
    %load/vec4 v00000000028ba6b0_0;
    %xor;
    %flag_set/vec4 8;
    %jmp/0xz  T_0.0, 8;
    %pushi/vec4 1, 0, 1;
    %store/vec4 v000000000323d0a0_0, 0, 1;
    %jmp T_0.1;
T_0.0 ;
    %pushi/vec4 0, 0, 1;
    %store/vec4 v000000000323d0a0_0, 0, 1;
T_0.1 ;
    %end;
    .scope S_00000000028683c0;
T_1 ;
    %vpi_call 2 28 "$dumpfile", "out.vcd" {0 0 0};
    %vpi_call 2 29 "$dumpvars", 32'sb00000000000000000000000000000000, S_000000000323cda0 {0 0 0};
    %pushi/vec4 0, 0, 2;
    %store/vec4 v00000000028ba9d0_0, 0, 2;
    %pushi/vec4 0, 0, 32;
    %store/vec4 v00000000028ba930_0, 0, 32;
T_1.0 ;
    %load/vec4 v00000000028ba930_0;
    %cmpi/s 4, 0, 32;
    %flag_or 5, 4;
    %jmp/0xz T_1.1, 5;
    %delay 100, 0;
    %load/vec4 v00000000028ba9d0_0;
    %addi 1, 0, 2;
    %store/vec4 v00000000028ba9d0_0, 0, 2;
    %load/vec4 v00000000028ba930_0;
    %addi 1, 0, 32;
    %store/vec4 v00000000028ba930_0, 0, 32;
    %jmp T_1.0;
T_1.1 ;
    %vpi_call 2 36 "$finish" {0 0 0};
    %end;
    .thread T_1;
# The file index is used to find the file name in the following table.
:file_names 3;
    "N/A";
    "<interactive>";
    "main.v";
