#! c:/iverilog-x64/bin/vvp
:ivl_version "10.1 (stable)" "(v10_1_1)";
:ivl_delay_selection "TYPICAL";
:vpi_time_precision + 0;
:vpi_module "system";
:vpi_module "vhdl_sys";
:vpi_module "v2005_math";
:vpi_module "va_math";
S_0000000002868640 .scope module, "EXOR_TEST" "EXOR_TEST" 2 20;
 .timescale 0 0;
v00000000028ba350_0 .net "out", 0 0, L_00000000028ba530;  1 drivers
v00000000028ba3f0_0 .var "r1", 0 0;
v00000000028ba490_0 .var "r2", 0 0;
S_000000000298cda0 .scope module, "unit1" "EXOR" 2 25, 2 2 0, S_0000000002868640;
 .timescale 0 0;
    .port_info 0 /INPUT 1 "in1"
    .port_info 1 /INPUT 1 "in2"
    .port_info 2 /OUTPUT 1 "out"
v00000000028ba170_0 .net "in1", 0 0, v00000000028ba3f0_0;  1 drivers
v00000000028ba210_0 .net "in2", 0 0, v00000000028ba490_0;  1 drivers
v00000000028ba2b0_0 .net "out", 0 0, L_00000000028ba530;  alias, 1 drivers
L_00000000028ba530 .ufunc TD_EXOR_TEST.unit1.FUNC, 1, v00000000028ba3f0_0, v00000000028ba490_0 (v00000000028683d0_0, v000000000298d0a0_0) v00000000028687c0_0 S_000000000298cf20;
S_000000000298cf20 .scope function, "FUNC" "FUNC" 2 9, 2 9 0, S_000000000298cda0;
 .timescale 0 0;
v00000000028687c0_0 .var "FUNC", 0 0;
v00000000028683d0_0 .var "a", 0 0;
v000000000298d0a0_0 .var "b", 0 0;
TD_EXOR_TEST.unit1.FUNC ;
    %load/vec4 v00000000028683d0_0;
    %load/vec4 v000000000298d0a0_0;
    %xor;
    %flag_set/vec4 8;
    %jmp/0xz  T_0.0, 8;
    %pushi/vec4 1, 0, 1;
    %store/vec4 v00000000028687c0_0, 0, 1;
    %jmp T_0.1;
T_0.0 ;
    %pushi/vec4 0, 0, 1;
    %store/vec4 v00000000028687c0_0, 0, 1;
T_0.1 ;
    %end;
    .scope S_0000000002868640;
T_1 ;
    %vpi_call 2 28 "$dumpfile", "out.vcd" {0 0 0};
    %vpi_call 2 29 "$dumpvars", 32'sb00000000000000000000000000000000, S_000000000298cda0 {0 0 0};
    %pushi/vec4 0, 0, 1;
    %store/vec4 v00000000028ba3f0_0, 0, 1;
    %pushi/vec4 0, 0, 1;
    %store/vec4 v00000000028ba490_0, 0, 1;
    %delay 100, 0;
    %pushi/vec4 0, 0, 1;
    %store/vec4 v00000000028ba3f0_0, 0, 1;
    %pushi/vec4 1, 0, 1;
    %store/vec4 v00000000028ba490_0, 0, 1;
    %delay 100, 0;
    %pushi/vec4 1, 0, 1;
    %store/vec4 v00000000028ba3f0_0, 0, 1;
    %pushi/vec4 0, 0, 1;
    %store/vec4 v00000000028ba490_0, 0, 1;
    %delay 100, 0;
    %pushi/vec4 1, 0, 1;
    %store/vec4 v00000000028ba3f0_0, 0, 1;
    %pushi/vec4 1, 0, 1;
    %store/vec4 v00000000028ba490_0, 0, 1;
    %delay 100, 0;
    %vpi_call 2 39 "$finish" {0 0 0};
    %end;
    .thread T_1;
# The file index is used to find the file name in the following table.
:file_names 3;
    "N/A";
    "<interactive>";
    "main.v";
