#! c:/iverilog-x64/bin/vvp
:ivl_version "10.1 (stable)" "(v10_1_1)";
:ivl_delay_selection "TYPICAL";
:vpi_time_precision + 0;
:vpi_module "system";
:vpi_module "vhdl_sys";
:vpi_module "v2005_math";
:vpi_module "va_math";
S_00000000047b6520 .scope module, "TEST_BENCH" "TEST_BENCH" 2 1;
 .timescale 0 0;
v00000000047b66a0_0 .var "out", 0 0;
    .scope S_00000000047b6520;
T_0 ;
    %vpi_call 2 5 "$dumpfile", "a.vcd" {0 0 0};
    %vpi_call 2 6 "$dumpvars", 32'sb00000000000000000000000000000000, v00000000047b66a0_0 {0 0 0};
    %delay 0, 0;
    %pushi/vec4 1, 0, 1;
    %store/vec4 v00000000047b66a0_0, 0, 1;
    %delay 973140, 0;
    %pushi/vec4 0, 0, 1;
    %store/vec4 v00000000047b66a0_0, 0, 1;
    %delay 1812, 0;
    %pushi/vec4 1, 0, 1;
    %store/vec4 v00000000047b66a0_0, 0, 1;
    %delay 1808, 0;
    %pushi/vec4 0, 0, 1;
    %store/vec4 v00000000047b66a0_0, 0, 1;
    %delay 9044, 0;
    %pushi/vec4 1, 0, 1;
    %store/vec4 v00000000047b66a0_0, 0, 1;
    %delay 1812, 0;
    %pushi/vec4 0, 0, 1;
    %store/vec4 v00000000047b66a0_0, 0, 1;
    %delay 3616, 0;
    %pushi/vec4 1, 0, 1;
    %store/vec4 v00000000047b66a0_0, 0, 1;
    %delay 982528, 0;
    %pushi/vec4 0, 0, 1;
    %store/vec4 v00000000047b66a0_0, 0, 1;
    %delay 1808, 0;
    %pushi/vec4 1, 0, 1;
    %store/vec4 v00000000047b66a0_0, 0, 1;
    %delay 1808, 0;
    %pushi/vec4 0, 0, 1;
    %store/vec4 v00000000047b66a0_0, 0, 1;
    %delay 9048, 0;
    %pushi/vec4 1, 0, 1;
    %store/vec4 v00000000047b66a0_0, 0, 1;
    %delay 1808, 0;
    %pushi/vec4 0, 0, 1;
    %store/vec4 v00000000047b66a0_0, 0, 1;
    %delay 3620, 0;
    %pushi/vec4 1, 0, 1;
    %store/vec4 v00000000047b66a0_0, 0, 1;
    %delay 982412, 0;
    %pushi/vec4 0, 0, 1;
    %store/vec4 v00000000047b66a0_0, 0, 1;
    %delay 1812, 0;
    %pushi/vec4 1, 0, 1;
    %store/vec4 v00000000047b66a0_0, 0, 1;
    %delay 1808, 0;
    %pushi/vec4 0, 0, 1;
    %store/vec4 v00000000047b66a0_0, 0, 1;
    %vpi_call 2 25 "$finish" {0 0 0};
    %end;
    .thread T_0;
# The file index is used to find the file name in the following table.
:file_names 3;
    "N/A";
    "<interactive>";
    "main.v";
