#! c:/iverilog-x64/bin/vvp
:ivl_version "10.1 (stable)" "(v10_1_1)";
:ivl_delay_selection "TYPICAL";
:vpi_time_precision + 0;
:vpi_module "system";
:vpi_module "vhdl_sys";
:vpi_module "v2005_math";
:vpi_module "va_math";
S_0000000004862d20 .scope module, "TESTBENCH" "TESTBENCH" 2 14;
 .timescale 0 0;
v00000000048ed930_0 .var/i "i", 31 0;
v00000000048ee0b0_0 .var "in", 5 0;
v00000000048ee150_0 .net "out", 0 0, L_0000000004898b70;  1 drivers
L_00000000048ed250 .part v00000000048ee0b0_0, 0, 1;
L_00000000048ed2f0 .part v00000000048ee0b0_0, 1, 1;
L_00000000048ed6b0 .part v00000000048ee0b0_0, 2, 1;
L_00000000048ed610 .part v00000000048ee0b0_0, 3, 1;
L_00000000048ed390 .part v00000000048ee0b0_0, 4, 1;
L_00000000048ed4d0 .part v00000000048ee0b0_0, 5, 1;
S_0000000004862ea0 .scope module, "u1" "tri_buf" 2 19, 2 1 0, S_0000000004862d20;
 .timescale 0 0;
    .port_info 0 /INPUT 1 "in_a"
    .port_info 1 /INPUT 1 "in_b"
    .port_info 2 /INPUT 1 "in_c"
    .port_info 3 /INPUT 1 "en_a"
    .port_info 4 /INPUT 1 "en_b"
    .port_info 5 /INPUT 1 "en_c"
    .port_info 6 /OUTPUT 1 "out"
L_0000000004897b40 .functor BUFIF1 1, L_00000000048ed250, L_00000000048ed610, C4<0>, C4<0>;
L_0000000004898920 .functor BUFIF1 1, L_00000000048ed2f0, L_00000000048ed390, C4<0>, C4<0>;
L_00000000048994b0 .functor BUFIF1 1, L_00000000048ed6b0, L_00000000048ed4d0, C4<0>, C4<0>;
RS_000000000489c9b8 .resolv tri, L_0000000004897b40, L_0000000004898920, L_00000000048994b0;
L_0000000004898b70 .functor BUF 1, RS_000000000489c9b8, C4<0>, C4<0>, C4<0>;
v0000000004863020_0 .net "en_a", 0 0, L_00000000048ed610;  1 drivers
v0000000004898f70_0 .net "en_b", 0 0, L_00000000048ed390;  1 drivers
v0000000004898d20_0 .net "en_c", 0 0, L_00000000048ed4d0;  1 drivers
v0000000004898ad0_0 .net "in_a", 0 0, L_00000000048ed250;  1 drivers
v0000000004899410_0 .net "in_b", 0 0, L_00000000048ed2f0;  1 drivers
v0000000004898880_0 .net "in_c", 0 0, L_00000000048ed6b0;  1 drivers
v00000000048ed160_0 .net "out", 0 0, L_0000000004898b70;  alias, 1 drivers
v00000000048ed430_0 .net8 "tri_or", 0 0, RS_000000000489c9b8;  3 drivers, strength-aware
    .scope S_0000000004862d20;
T_0 ;
    %vpi_call 2 22 "$dumpfile", "out.vcd" {0 0 0};
    %vpi_call 2 23 "$dumpvars", 32'sb00000000000000000000000000000000, S_0000000004862ea0 {0 0 0};
    %pushi/vec4 0, 0, 6;
    %store/vec4 v00000000048ee0b0_0, 0, 6;
    %pushi/vec4 0, 0, 32;
    %store/vec4 v00000000048ed930_0, 0, 32;
T_0.0 ;
    %load/vec4 v00000000048ed930_0;
    %cmpi/s 64, 0, 32;
    %jmp/0xz T_0.1, 5;
    %delay 100, 0;
    %load/vec4 v00000000048ee0b0_0;
    %pushi/vec4 1, 0, 6;
    %add;
    %store/vec4 v00000000048ee0b0_0, 0, 6;
    %load/vec4 v00000000048ed930_0;
    %pushi/vec4 1, 0, 32;
    %add;
    %store/vec4 v00000000048ed930_0, 0, 32;
    %jmp T_0.0;
T_0.1 ;
    %vpi_call 2 31 "$finish" {0 0 0};
    %end;
    .thread T_0;
# The file index is used to find the file name in the following table.
:file_names 3;
    "N/A";
    "<interactive>";
    "main.v";
