#! c:/iverilog-x64/bin/vvp
:ivl_version "10.1 (stable)" "(v10_1_1)";
:ivl_delay_selection "TYPICAL";
:vpi_time_precision + 0;
:vpi_module "system";
:vpi_module "vhdl_sys";
:vpi_module "v2005_math";
:vpi_module "va_math";
S_00000000047e9ca0 .scope module, "TESTBENCH" "TESTBENCH" 2 20;
 .timescale 0 0;
v000000000318d7a0_0 .net "q", 0 0, v00000000047e9e20_0;  1 drivers
v000000000318d840_0 .net "q_b", 0 0, v00000000047e9ac0_0;  1 drivers
v000000000318d8e0_0 .var "r", 0 0;
v000000000483b7d0_0 .var "s", 0 0;
S_000000000318d580 .scope module, "u1" "RSFF" 2 25, 2 1 0, S_00000000047e9ca0;
 .timescale 0 0;
    .port_info 0 /INPUT 1 "r"
    .port_info 1 /INPUT 1 "s"
    .port_info 2 /OUTPUT 1 "q"
    .port_info 3 /OUTPUT 1 "q_b"
v00000000047e9e20_0 .var "q", 0 0;
v00000000047e9ac0_0 .var "q_b", 0 0;
v00000000047e7940_0 .net "r", 0 0, v000000000318d8e0_0;  1 drivers
v000000000318d700_0 .net "s", 0 0, v000000000483b7d0_0;  1 drivers
E_00000000047e4750 .event edge, v000000000318d700_0, v00000000047e7940_0;
    .scope S_000000000318d580;
T_0 ;
    %wait E_00000000047e4750;
    %load/vec4 v00000000047e7940_0;
    %load/vec4 v000000000318d700_0;
    %concat/vec4; draw_concat_vec4
    %dup/vec4;
    %pushi/vec4 1, 0, 2;
    %cmp/u;
    %jmp/1 T_0.0, 6;
    %dup/vec4;
    %pushi/vec4 2, 0, 2;
    %cmp/u;
    %jmp/1 T_0.1, 6;
    %dup/vec4;
    %pushi/vec4 3, 0, 2;
    %cmp/u;
    %jmp/1 T_0.2, 6;
    %jmp T_0.3;
T_0.0 ;
    %pushi/vec4 1, 0, 1;
    %assign/vec4 v00000000047e9e20_0, 0;
    %pushi/vec4 0, 0, 1;
    %assign/vec4 v00000000047e9ac0_0, 0;
    %jmp T_0.3;
T_0.1 ;
    %pushi/vec4 0, 0, 1;
    %assign/vec4 v00000000047e9e20_0, 0;
    %pushi/vec4 1, 0, 1;
    %assign/vec4 v00000000047e9ac0_0, 0;
    %jmp T_0.3;
T_0.2 ;
    %pushi/vec4 0, 0, 1;
    %assign/vec4 v00000000047e9e20_0, 0;
    %pushi/vec4 0, 0, 1;
    %assign/vec4 v00000000047e9ac0_0, 0;
    %jmp T_0.3;
T_0.3 ;
    %pop/vec4 1;
    %jmp T_0;
    .thread T_0, $push;
    .scope S_00000000047e9ca0;
T_1 ;
    %vpi_call 2 28 "$dumpfile", "out.vcd" {0 0 0};
    %vpi_call 2 29 "$dumpvars", 32'sb00000000000000000000000000000000, S_000000000318d580 {0 0 0};
    %pushi/vec4 0, 0, 1;
    %store/vec4 v000000000318d8e0_0, 0, 1;
    %pushi/vec4 0, 0, 1;
    %store/vec4 v000000000483b7d0_0, 0, 1;
    %delay 100, 0;
    %pushi/vec4 0, 0, 1;
    %store/vec4 v000000000318d8e0_0, 0, 1;
    %pushi/vec4 1, 0, 1;
    %store/vec4 v000000000483b7d0_0, 0, 1;
    %delay 100, 0;
    %pushi/vec4 1, 0, 1;
    %store/vec4 v000000000318d8e0_0, 0, 1;
    %pushi/vec4 0, 0, 1;
    %store/vec4 v000000000483b7d0_0, 0, 1;
    %delay 100, 0;
    %pushi/vec4 1, 0, 1;
    %store/vec4 v000000000318d8e0_0, 0, 1;
    %pushi/vec4 1, 0, 1;
    %store/vec4 v000000000483b7d0_0, 0, 1;
    %delay 100, 0;
    %vpi_call 2 47 "$finish" {0 0 0};
    %end;
    .thread T_1;
# The file index is used to find the file name in the following table.
:file_names 3;
    "N/A";
    "<interactive>";
    "main.v";
