#! c:/iverilog-x64/bin/vvp
:ivl_version "10.1 (stable)" "(v10_1_1)";
:ivl_delay_selection "TYPICAL";
:vpi_time_precision + 0;
:vpi_module "system";
:vpi_module "vhdl_sys";
:vpi_module "v2005_math";
:vpi_module "va_math";
S_0000000004887f10 .scope module, "EXOR_TEST" "EXOR_TEST" 2 10;
 .timescale 0 0;
v00000000048e12e0_0 .var "in1", 0 0;
v00000000048e1380_0 .var "in2", 0 0;
v00000000048e1510_0 .net "out", 0 0, L_00000000048e24a0;  1 drivers
S_000000000309ccb0 .scope module, "exor1" "EXOR" 2 13, 2 1 0, S_0000000004887f10;
 .timescale 0 0;
    .port_info 0 /INPUT 1 "in1"
    .port_info 1 /INPUT 1 "in2"
    .port_info 2 /OUTPUT 1 "out"
L_0000000004886910 .functor NOT 1, v00000000048e1380_0, C4<0>, C4<0>, C4<0>;
L_0000000004887970 .functor AND 1, v00000000048e12e0_0, L_0000000004886910, C4<1>, C4<1>;
L_0000000004888130 .functor NOT 1, v00000000048e12e0_0, C4<0>, C4<0>, C4<0>;
L_00000000048e2430 .functor AND 1, v00000000048e1380_0, L_0000000004888130, C4<1>, C4<1>;
L_00000000048e24a0 .functor OR 1, L_0000000004887970, L_00000000048e2430, C4<0>, C4<0>;
v00000000048878d0_0 .net *"_s0", 0 0, L_0000000004886910;  1 drivers
v0000000004886870_0 .net *"_s4", 0 0, L_0000000004888130;  1 drivers
v0000000004888090_0 .net "in1", 0 0, v00000000048e12e0_0;  1 drivers
v000000000309ce30_0 .net "in2", 0 0, v00000000048e1380_0;  1 drivers
v000000000309ced0_0 .net "out", 0 0, L_00000000048e24a0;  alias, 1 drivers
v000000000309cf70_0 .net "temp1", 0 0, L_0000000004887970;  1 drivers
v000000000309d010_0 .net "temp2", 0 0, L_00000000048e2430;  1 drivers
    .scope S_0000000004887f10;
T_0 ;
    %vpi_call 2 15 "$dumpfile", "out.vcd" {0 0 0};
    %vpi_call 2 16 "$dumpvars", 32'sb00000000000000000000000000000000, S_000000000309ccb0 {0 0 0};
    %pushi/vec4 0, 0, 1;
    %store/vec4 v00000000048e12e0_0, 0, 1;
    %pushi/vec4 0, 0, 1;
    %store/vec4 v00000000048e1380_0, 0, 1;
    %delay 100, 0;
    %pushi/vec4 1, 0, 1;
    %store/vec4 v00000000048e12e0_0, 0, 1;
    %pushi/vec4 0, 0, 1;
    %store/vec4 v00000000048e1380_0, 0, 1;
    %delay 100, 0;
    %pushi/vec4 0, 0, 1;
    %store/vec4 v00000000048e12e0_0, 0, 1;
    %pushi/vec4 1, 0, 1;
    %store/vec4 v00000000048e1380_0, 0, 1;
    %delay 100, 0;
    %pushi/vec4 1, 0, 1;
    %store/vec4 v00000000048e12e0_0, 0, 1;
    %pushi/vec4 1, 0, 1;
    %store/vec4 v00000000048e1380_0, 0, 1;
    %delay 200, 0;
    %vpi_call 2 30 "$finish" {0 0 0};
    %end;
    .thread T_0;
# The file index is used to find the file name in the following table.
:file_names 3;
    "N/A";
    "<interactive>";
    "list5_1.v";
