#! c:/iverilog-x64/bin/vvp
:ivl_version "10.1 (stable)" "(v10_1_1)";
:ivl_delay_selection "TYPICAL";
:vpi_time_precision + 0;
:vpi_module "system";
:vpi_module "vhdl_sys";
:vpi_module "v2005_math";
:vpi_module "va_math";
S_0000000002f348f0 .scope module, "TESTBENCH" "TESTBENCH" 2 23;
 .timescale 0 0;
v0000000002f914a0_0 .var/i "i", 31 0;
v0000000002f91e00_0 .var "in", 3 0;
v0000000002f92120_0 .var/i "j", 31 0;
v0000000002f91860_0 .net "out", 0 0, L_0000000002f91680;  1 drivers
v0000000002f91ea0_0 .var "sel", 1 0;
L_0000000002f91f40 .part v0000000002f91e00_0, 0, 1;
L_0000000002f915e0 .part v0000000002f91e00_0, 1, 1;
L_0000000002f91cc0 .part v0000000002f91e00_0, 2, 1;
L_0000000002f91360 .part v0000000002f91e00_0, 3, 1;
S_0000000002f02d20 .scope module, "u1" "SEL" 2 29, 2 1 0, S_0000000002f348f0;
 .timescale 0 0;
    .port_info 0 /INPUT 1 "a"
    .port_info 1 /INPUT 1 "b"
    .port_info 2 /INPUT 1 "c"
    .port_info 3 /INPUT 1 "d"
    .port_info 4 /INPUT 2 "sel"
    .port_info 5 /OUTPUT 1 "out"
v0000000002f90f50_0 .net "a", 0 0, L_0000000002f91f40;  1 drivers
v0000000002f90ff0_0 .net "b", 0 0, L_0000000002f915e0;  1 drivers
v0000000002f91090_0 .net "c", 0 0, L_0000000002f91cc0;  1 drivers
v0000000002f91130_0 .net "d", 0 0, L_0000000002f91360;  1 drivers
v0000000002f911d0_0 .net "out", 0 0, L_0000000002f91680;  alias, 1 drivers
v0000000002f91540_0 .net "sel", 1 0, v0000000002f91ea0_0;  1 drivers
L_0000000002f91680 .ufunc TD_TESTBENCH.u1.FUNC, 1, L_0000000002f91f40, L_0000000002f915e0, L_0000000002f91cc0, L_0000000002f91360, v0000000002f91ea0_0 (v0000000002f03020_0, v0000000002f34a70_0, v0000000002f34b10_0, v0000000002f90e10_0, v0000000002f90eb0_0) v0000000002f3ef20_0 S_0000000002f02ea0;
S_0000000002f02ea0 .scope function, "FUNC" "FUNC" 2 8, 2 8 0, S_0000000002f02d20;
 .timescale 0 0;
v0000000002f3ef20_0 .var "FUNC", 0 0;
v0000000002f03020_0 .var "a", 0 0;
v0000000002f34a70_0 .var "b", 0 0;
v0000000002f34b10_0 .var "c", 0 0;
v0000000002f90e10_0 .var "d", 0 0;
v0000000002f90eb0_0 .var "sel", 1 0;
TD_TESTBENCH.u1.FUNC ;
    %load/vec4 v0000000002f90eb0_0;
    %pad/u 32;
    %cmpi/e 0, 0, 32;
    %jmp/0xz  T_0.0, 4;
    %load/vec4 v0000000002f03020_0;
    %store/vec4 v0000000002f3ef20_0, 0, 1;
    %jmp T_0.1;
T_0.0 ;
    %load/vec4 v0000000002f90eb0_0;
    %pad/u 32;
    %cmpi/e 1, 0, 32;
    %jmp/0xz  T_0.2, 4;
    %load/vec4 v0000000002f34a70_0;
    %store/vec4 v0000000002f3ef20_0, 0, 1;
    %jmp T_0.3;
T_0.2 ;
    %load/vec4 v0000000002f90eb0_0;
    %pad/u 32;
    %cmpi/e 2, 0, 32;
    %jmp/0xz  T_0.4, 4;
    %load/vec4 v0000000002f34b10_0;
    %store/vec4 v0000000002f3ef20_0, 0, 1;
    %jmp T_0.5;
T_0.4 ;
    %load/vec4 v0000000002f90e10_0;
    %store/vec4 v0000000002f3ef20_0, 0, 1;
T_0.5 ;
T_0.3 ;
T_0.1 ;
    %end;
    .scope S_0000000002f348f0;
T_1 ;
    %vpi_call 2 32 "$dumpfile", "out.vcd" {0 0 0};
    %vpi_call 2 33 "$dumpvars", 32'sb00000000000000000000000000000000, S_0000000002f02d20 {0 0 0};
    %pushi/vec4 0, 0, 4;
    %store/vec4 v0000000002f91e00_0, 0, 4;
    %pushi/vec4 0, 0, 32;
    %store/vec4 v0000000002f914a0_0, 0, 32;
T_1.0 ;
    %load/vec4 v0000000002f914a0_0;
    %cmpi/s 64, 0, 32;
    %jmp/0xz T_1.1, 5;
    %load/vec4 v0000000002f91e00_0;
    %pushi/vec4 1, 0, 4;
    %add;
    %store/vec4 v0000000002f91e00_0, 0, 4;
    %pushi/vec4 0, 0, 2;
    %store/vec4 v0000000002f91ea0_0, 0, 2;
    %pushi/vec4 0, 0, 32;
    %store/vec4 v0000000002f92120_0, 0, 32;
T_1.2 ;
    %load/vec4 v0000000002f92120_0;
    %cmpi/s 4, 0, 32;
    %jmp/0xz T_1.3, 5;
    %delay 100, 0;
    %load/vec4 v0000000002f91ea0_0;
    %pushi/vec4 1, 0, 2;
    %add;
    %store/vec4 v0000000002f91ea0_0, 0, 2;
    %load/vec4 v0000000002f92120_0;
    %pushi/vec4 1, 0, 32;
    %add;
    %store/vec4 v0000000002f92120_0, 0, 32;
    %jmp T_1.2;
T_1.3 ;
    %load/vec4 v0000000002f914a0_0;
    %pushi/vec4 1, 0, 32;
    %add;
    %store/vec4 v0000000002f914a0_0, 0, 32;
    %jmp T_1.0;
T_1.1 ;
    %vpi_call 2 45 "$finish" {0 0 0};
    %end;
    .thread T_1;
# The file index is used to find the file name in the following table.
:file_names 3;
    "N/A";
    "<interactive>";
    "main.v";
